#
# There is insufficient memory for the Java Runtime Environment to continue.
# Native memory allocation (mmap) failed to map 266338304 bytes for G1 virtual space
# Possible reasons:
#   The system is out of physical RAM or swap space
#   The process is running with CompressedOops enabled, and the Java Heap may be blocking the growth of the native heap
# Possible solutions:
#   Reduce memory load on the system
#   Increase physical memory or swap space
#   Check if swap backing store is full
#   Decrease Java heap size (-Xmx/-Xms)
#   Decrease number of Java threads
#   Decrease Java thread stack sizes (-Xss)
#   Set larger code cache with -XX:ReservedCodeCacheSize=
#   JVM is running with Zero Based Compressed Oops mode in which the Java heap is
#     placed in the first 32GB address space. The Java Heap base address is the
#     maximum limit for the native heap growth. Please use -XX:HeapBaseMinAddress
#     to set the Java Heap base and to place the Java Heap above 32GB virtual address.
# This output file may be truncated or incomplete.
#
#  Out of Memory Error (os_windows.cpp:3527), pid=51688, tid=48172
#
# JRE version:  (19.0+36) (build )
# Java VM: Java HotSpot(TM) 64-Bit Server VM (19+36-2238, mixed mode, sharing, tiered, compressed oops, compressed class ptrs, g1 gc, windows-amd64)
# No core dump will be written. Minidumps are not enabled by default on client versions of Windows
#

---------------  S U M M A R Y ------------

Command Line: -Dfile.encoding=UTF-8 --module-path=C:\Users\Deekey\Downloads\mysql-connector-java-8.0.30.jar -XX:+ShowCodeDetailsInExceptionMessages net.javaguides.swing.Print_Request

Host: Intel(R) Core(TM) i5-10300H CPU @ 2.50GHz, 8 cores, 15G,  Windows 10 , 64 bit Build 19041 (10.0.19041.2364)
Time: Tue Jan 24 15:46:32 2023 India Standard Time elapsed time: 0.016605 seconds (0d 0h 0m 0s)

---------------  T H R E A D  ---------------

Current thread (0x000002645272c5f0):  JavaThread "Unknown thread" [_thread_in_vm, id=48172, stack(0x000000e68dc00000,0x000000e68dd00000)]

Stack: [0x000000e68dc00000,0x000000e68dd00000]
Native frames: (J=compiled Java code, j=interpreted, Vv=VM code, C=native code)
V  [jvm.dll+0x6ee8fa]
V  [jvm.dll+0x857a1e]
V  [jvm.dll+0x85940e]
V  [jvm.dll+0x859ac3]
V  [jvm.dll+0x28291f]
V  [jvm.dll+0x6eb6e9]
V  [jvm.dll+0x6e028a]
V  [jvm.dll+0x357136]
V  [jvm.dll+0x35eb96]
V  [jvm.dll+0x3b555e]
V  [jvm.dll+0x3b578f]
V  [jvm.dll+0x32c6ea]
V  [jvm.dll+0x32d59e]
V  [jvm.dll+0x821b20]
V  [jvm.dll+0x3c27c1]
V  [jvm.dll+0x8022f1]
V  [jvm.dll+0x44b30f]
V  [jvm.dll+0x44cc91]
C  [jli.dll+0x5287]
C  [ucrtbase.dll+0x21bb2]
C  [KERNEL32.DLL+0x17614]
C  [ntdll.dll+0x526a1]


---------------  P R O C E S S  ---------------

Threads class SMR info:
_java_thread_list=0x00007ffe3682d048, length=0, elements={
}

Java Threads: ( => current thread )

Other Threads:
  0x000002645279c0c0 WorkerThread "GC Thread#0" [stack: 0x000000e68dd00000,0x000000e68de00000] [id=5460]
  0x00000264527adef0 ConcurrentGCThread "G1 Main Marker" [stack: 0x000000e68de00000,0x000000e68df00000] [id=49516]
  0x00000264527af930 WorkerThread "G1 Conc#0" [stack: 0x000000e68df00000,0x000000e68e000000] [id=16888]

[error occurred during error reporting (printing all threads), id 0xc0000005, EXCEPTION_ACCESS_VIOLATION (0xc0000005) at pc=0x00007ffe35fed127]

VM state: not at safepoint (not fully initialized)

VM Mutex/Monitor currently owned by a thread:  ([mutex/lock_event])
[0x00000264527297f0] Heap_lock - owner thread: 0x000002645272c5f0

Heap address: 0x0000000702800000, size: 4056 MB, Compressed Oops mode: Zero based, Oop shift amount: 3

CDS archive(s) mapped at: [0x0000000000000000-0x0000000000000000-0x0000000000000000), size 0, SharedBaseAddress: 0x0000000800000000, ArchiveRelocationMode: 0.
Narrow klass base: 0x0000000000000000, Narrow klass shift: 0, Narrow klass range: 0x0

GC Precious Log:
 CardTable entry size: 512
 Card Set container configuration: InlinePtr #cards 4 size 8 Array Of Cards #cards 8 size 32 Howl #buckets 8 coarsen threshold 3686 Howl Bitmap #cards 512 size 80 coarsen threshold 460 Card regions per heap region 1 cards per card region 4096

Heap:
 garbage-first heap   total 0K, used 0K [0x0000000702800000, 0x0000000800000000)
  region size 2048K, 0 young (0K), 0 survivors (0K)

[error occurred during error reporting (printing heap information), id 0xc0000005, EXCEPTION_ACCESS_VIOLATION (0xc0000005) at pc=0x00007ffe363f6959]

GC Heap History (0 events):
No events

Dll operation events (1 events):
Event: 0.010 Loaded shared library C:\Program Files\Java\jdk-19\bin\java.dll

Deoptimization events (0 events):
No events

Classes loaded (0 events):
No events

Classes unloaded (0 events):
No events

Classes redefined (0 events):
No events

Internal exceptions (0 events):
No events

VM Operations (0 events):
No events

Events (0 events):
No events


Dynamic libraries:
0x00007ff6f4b00000 - 0x00007ff6f4b10000 	C:\Program Files\Java\jdk-19\bin\javaw.exe
0x00007ffec6290000 - 0x00007ffec6488000 	C:\Windows\SYSTEM32\ntdll.dll
0x00007ffec5360000 - 0x00007ffec541f000 	C:\Windows\System32\KERNEL32.DLL
0x00007ffec3b20000 - 0x00007ffec3df2000 	C:\Windows\System32\KERNELBASE.dll
0x00007ffec3e00000 - 0x00007ffec3f00000 	C:\Windows\System32\ucrtbase.dll
0x00007ffebb040000 - 0x00007ffebb058000 	C:\Program Files\Java\jdk-19\bin\jli.dll
0x00007ffeb38d0000 - 0x00007ffeb38eb000 	C:\Program Files\Java\jdk-19\bin\VCRUNTIME140.dll
0x00007ffec5830000 - 0x00007ffec58de000 	C:\Windows\System32\ADVAPI32.dll
0x00007ffec5940000 - 0x00007ffec59de000 	C:\Windows\System32\msvcrt.dll
0x00007ffec6170000 - 0x00007ffec620c000 	C:\Windows\System32\sechost.dll
0x00007ffec5170000 - 0x00007ffec5295000 	C:\Windows\System32\RPCRT4.dll
0x00007ffec5680000 - 0x00007ffec5821000 	C:\Windows\System32\USER32.dll
0x00007ffec2d80000 - 0x00007ffec301a000 	C:\Windows\WinSxS\amd64_microsoft.windows.common-controls_6595b64144ccf1df_6.0.19041.1110_none_60b5254171f9507e\COMCTL32.dll
0x00007ffec3980000 - 0x00007ffec39a2000 	C:\Windows\System32\win32u.dll
0x00007ffec6210000 - 0x00007ffec623b000 	C:\Windows\System32\GDI32.dll
0x00007ffec3f70000 - 0x00007ffec407f000 	C:\Windows\System32\gdi32full.dll
0x00007ffec0770000 - 0x00007ffec077a000 	C:\Windows\SYSTEM32\VERSION.dll
0x00007ffec4230000 - 0x00007ffec42cd000 	C:\Windows\System32\msvcp_win.dll
0x00007ffec59e0000 - 0x00007ffec5a12000 	C:\Windows\System32\IMM32.DLL
0x00007ffebb030000 - 0x00007ffebb03c000 	C:\Program Files\Java\jdk-19\bin\vcruntime140_1.dll
0x00007ffe7a040000 - 0x00007ffe7a0ce000 	C:\Program Files\Java\jdk-19\bin\msvcp140.dll
0x00007ffe35cb0000 - 0x00007ffe36970000 	C:\Program Files\Java\jdk-19\bin\server\jvm.dll
0x00007ffea7ce0000 - 0x00007ffea7ce9000 	C:\Windows\SYSTEM32\WSOCK32.dll
0x00007ffeb1980000 - 0x00007ffeb19a7000 	C:\Windows\SYSTEM32\WINMM.dll
0x00007ffec5540000 - 0x00007ffec55ab000 	C:\Windows\System32\WS2_32.dll
0x00007ffec0b50000 - 0x00007ffec0b62000 	C:\Windows\SYSTEM32\kernel.appcore.dll
0x00007ffeb4480000 - 0x00007ffeb448a000 	C:\Program Files\Java\jdk-19\bin\jimage.dll
0x00007ffec33b0000 - 0x00007ffec3594000 	C:\Windows\SYSTEM32\DBGHELP.DLL
0x00007ffec32f0000 - 0x00007ffec3325000 	C:\Windows\SYSTEM32\dbgcore.DLL
0x00007ffec3a90000 - 0x00007ffec3b12000 	C:\Windows\System32\bcryptPrimitives.dll
0x00007ffe95b10000 - 0x00007ffe95b36000 	C:\Program Files\Java\jdk-19\bin\java.dll

dbghelp: loaded successfully - version: 4.0.5 - missing functions: none
symbol engine: initialized successfully - sym options: 0x614 - pdb path: .;C:\Program Files\Java\jdk-19\bin;C:\Windows\SYSTEM32;C:\Windows\WinSxS\amd64_microsoft.windows.common-controls_6595b64144ccf1df_6.0.19041.1110_none_60b5254171f9507e;C:\Program Files\Java\jdk-19\bin\server

VM Arguments:
jvm_args: -Dfile.encoding=UTF-8 --module-path=C:\Users\Deekey\Downloads\mysql-connector-java-8.0.30.jar -XX:+ShowCodeDetailsInExceptionMessages 
java_command: net.javaguides.swing.Print_Request
java_class_path (initial): C:\Users\Deekey\eclipse-workspace\Admin_login
Launcher Type: SUN_STANDARD

[Global flags]
     intx CICompilerCount                          = 4                                         {product} {ergonomic}
     uint ConcGCThreads                            = 2                                         {product} {ergonomic}
     uint G1ConcRefinementThreads                  = 8                                         {product} {ergonomic}
   size_t G1HeapRegionSize                         = 2097152                                   {product} {ergonomic}
    uintx GCDrainStackTargetSize                   = 64                                        {product} {ergonomic}
   size_t InitialHeapSize                          = 266338304                                 {product} {ergonomic}
   size_t MarkStackSize                            = 4194304                                   {product} {ergonomic}
   size_t MaxHeapSize                              = 4253024256                                {product} {ergonomic}
   size_t MinHeapDeltaBytes                        = 2097152                                   {product} {ergonomic}
   size_t MinHeapSize                              = 8388608                                   {product} {ergonomic}
    uintx NonNMethodCodeHeapSize                   = 5839372                                {pd product} {ergonomic}
    uintx NonProfiledCodeHeapSize                  = 122909434                              {pd product} {ergonomic}
    uintx ProfiledCodeHeapSize                     = 122909434                              {pd product} {ergonomic}
    uintx ReservedCodeCacheSize                    = 251658240                              {pd product} {ergonomic}
     bool SegmentedCodeCache                       = true                                      {product} {ergonomic}
     bool ShowCodeDetailsInExceptionMessages       = true                                   {manageable} {command line}
   size_t SoftMaxHeapSize                          = 4253024256                             {manageable} {ergonomic}
     bool UseCompressedClassPointers               = true                           {product lp64_product} {ergonomic}
     bool UseCompressedOops                        = true                           {product lp64_product} {ergonomic}
     bool UseG1GC                                  = true                                      {product} {ergonomic}
     bool UseLargePagesIndividualAllocation        = false                                  {pd product} {ergonomic}

Logging:
Log output configuration:
 #0: stdout all=warning uptime,level,tags foldmultilines=false
 #1: stderr all=off uptime,level,tags foldmultilines=false

Environment Variables:
JAVA_HOME=C:\Program Files\Java\jdk-19
PATH=C:\Program Files\Common Files\Oracle\Java\javapath;C:\Program Files (x86)\Common Files\Oracle\Java\javapath;C:\Windows\system32;C:\Windows;C:\Windows\System32\Wbem;C:\Windows\System32\WindowsPowerShell\v1.0\;C:\Windows\System32\OpenSSH\;C:\Program Files (x86)\NVIDIA Corporation\PhysX\Common;C:\Program Files\NVIDIA Corporation\NVIDIA NvDLISR;C:\Program Files\dotnet\;C:\TDM-GCC-64\bin;C:\Program Files\Java\jdk-19\bin;C:\Program Files\Common Files\Oracle\Java\javapath;C:\Program Files\MySQL\MySQL Shell 8.0\bin\;C:\Users\Deekey\AppData\Local\Microsoft\WindowsApps;C:\Program Files\JetBrains\PyCharm Community Edition 2021.2.3\bin;;C:\Users\Deekey\AppData\Local\Programs\Microsoft VS Code\bin;C:\Users\Deekey\Music\platform-tools_r32.0.0-windows\platform-tools;C:\Users\Deekey\AppData\Local\Programs\Python\Python310;
USERNAME=Deekey
OS=Windows_NT
PROCESSOR_IDENTIFIER=Intel64 Family 6 Model 165 Stepping 2, GenuineIntel
TMP=C:\Users\Deekey\AppData\Local\Temp
TEMP=C:\Users\Deekey\AppData\Local\Temp



---------------  S Y S T E M  ---------------

OS:
 Windows 10 , 64 bit Build 19041 (10.0.19041.2364)
OS uptime: 1 days 15:21 hours
Hyper-V role detected

CPU: total 8 (initial active 8) (4 cores per cpu, 2 threads per core) family 6 model 165 stepping 2 microcode 0xc8, cx8, cmov, fxsr, ht, mmx, 3dnowpref, sse, sse2, sse3, ssse3, sse4.1, sse4.2, popcnt, lzcnt, tsc, tscinvbit, avx, avx2, aes, erms, clmul, bmi1, bmi2, adx, fma, vzeroupper, clflush, clflushopt, hv, rdtscp

Memory: 4k page, system-wide physical 16221M (3230M free)
TotalPageFile size 31716M (AvailPageFile size 171M)
current process WorkingSet (physical memory assigned to process): 10M, peak: 10M
current process commit charge ("private bytes"): 60M, peak: 314M

vm_info: Java HotSpot(TM) 64-Bit Server VM (19+36-2238) for windows-amd64 JRE (19+36-2238), built on 2022-08-12T20:29:01Z by "mach5one" with MS VC++ 17.1 (VS2022)

END.
